2021-04-01 17:36:46 [restartedMain] INFO  pisibg.PisibgApplication - Starting PisibgApplication using Java 15.0.2 on MacBook-Pro.local with PID 2780 (/Users/admin/Documents/IT Talents/pisi_bg/target/classes started by admin in /Users/admin/Documents/IT Talents/pisi_bg)
2021-04-01 17:36:46 [restartedMain] INFO  pisibg.PisibgApplication - No active profile set, falling back to default profiles: default
2021-04-01 17:36:46 [restartedMain] INFO  o.s.b.d.e.DevToolsPropertyDefaultsPostProcessor - Devtools property defaults active! Set 'spring.devtools.add-properties' to 'false' to disable
2021-04-01 17:36:46 [restartedMain] INFO  o.s.b.d.e.DevToolsPropertyDefaultsPostProcessor - For additional web related logging consider setting the 'logging.level.web' property to 'DEBUG'
2021-04-01 17:36:47 [restartedMain] INFO  o.s.d.r.c.RepositoryConfigurationDelegate - Bootstrapping Spring Data JPA repositories in DEFAULT mode.
2021-04-01 17:36:47 [restartedMain] INFO  o.s.d.r.c.RepositoryConfigurationDelegate - Finished Spring Data repository scanning in 65 ms. Found 11 JPA repository interfaces.
2021-04-01 17:36:47 [restartedMain] INFO  o.s.b.w.e.tomcat.TomcatWebServer - Tomcat initialized with port(s): 8888 (http)
2021-04-01 17:36:47 [restartedMain] INFO  o.a.catalina.core.StandardService - Starting service [Tomcat]
2021-04-01 17:36:47 [restartedMain] INFO  o.a.catalina.core.StandardEngine - Starting Servlet engine: [Apache Tomcat/9.0.44]
2021-04-01 17:36:48 [restartedMain] INFO  o.a.c.c.C.[Tomcat].[localhost].[/] - Initializing Spring embedded WebApplicationContext
2021-04-01 17:36:48 [restartedMain] INFO  o.s.b.w.s.c.ServletWebServerApplicationContext - Root WebApplicationContext: initialization completed in 1534 ms
2021-04-01 17:36:48 [restartedMain] INFO  com.zaxxer.hikari.HikariDataSource - HikariPool-1 - Starting...
2021-04-01 17:36:48 [restartedMain] INFO  com.zaxxer.hikari.HikariDataSource - HikariPool-1 - Start completed.
2021-04-01 17:36:48 [restartedMain] INFO  o.s.b.a.h.H2ConsoleAutoConfiguration - H2 console available at '/h2-console'. Database available at 'jdbc:mysql://84.238.145.199:7777/pisibg'
2021-04-01 17:36:48 [restartedMain] INFO  o.h.jpa.internal.util.LogHelper - HHH000204: Processing PersistenceUnitInfo [name: default]
2021-04-01 17:36:48 [restartedMain] INFO  org.hibernate.Version - HHH000412: Hibernate ORM core version 5.4.29.Final
2021-04-01 17:36:48 [restartedMain] INFO  o.h.annotations.common.Version - HCANN000001: Hibernate Commons Annotations {5.1.2.Final}
2021-04-01 17:36:48 [restartedMain] INFO  org.hibernate.dialect.Dialect - HHH000400: Using dialect: org.hibernate.dialect.MySQL55Dialect
2021-04-01 17:36:49 [restartedMain] INFO  o.h.e.t.j.p.i.JtaPlatformInitiator - HHH000490: Using JtaPlatform implementation: [org.hibernate.engine.transaction.jta.platform.internal.NoJtaPlatform]
2021-04-01 17:36:49 [restartedMain] INFO  o.s.o.j.LocalContainerEntityManagerFactoryBean - Initialized JPA EntityManagerFactory for persistence unit 'default'
2021-04-01 17:36:49 [restartedMain] WARN  o.s.b.a.o.j.JpaBaseConfiguration$JpaWebConfiguration - spring.jpa.open-in-view is enabled by default. Therefore, database queries may be performed during view rendering. Explicitly configure spring.jpa.open-in-view to disable this warning
2021-04-01 17:36:50 [restartedMain] INFO  o.s.s.c.ThreadPoolTaskExecutor - Initializing ExecutorService 'applicationTaskExecutor'
2021-04-01 17:36:50 [restartedMain] INFO  o.s.b.d.a.OptionalLiveReloadServer - LiveReload server is running on port 35729
2021-04-01 17:36:50 [restartedMain] INFO  o.s.b.w.e.tomcat.TomcatWebServer - Tomcat started on port(s): 8888 (http) with context path ''
2021-04-01 17:36:52 [restartedMain] INFO  pisibg.PisibgApplication - Started PisibgApplication in 6.53 seconds (JVM running for 7.646)
2021-04-01 17:36:58 [http-nio-8888-exec-2] INFO  o.a.c.c.C.[Tomcat].[localhost].[/] - Initializing Spring DispatcherServlet 'dispatcherServlet'
2021-04-01 17:36:58 [http-nio-8888-exec-2] INFO  o.s.web.servlet.DispatcherServlet - Initializing Servlet 'dispatcherServlet'
2021-04-01 17:36:58 [http-nio-8888-exec-2] INFO  o.s.web.servlet.DispatcherServlet - Completed initialization in 2 ms
2021-04-01 17:36:58 [http-nio-8888-exec-2] WARN  o.s.w.s.m.m.a.ExceptionHandlerExceptionResolver - Resolved [org.springframework.web.bind.MethodArgumentNotValidException: Validation failed for argument [1] in public pisibg.model.dto.productDTO.ProductResponseDTO pisibg.controller.ProductController.add(javax.servlet.http.HttpSession,pisibg.model.dto.productDTO.ProductRequestDTO): [Field error in object 'productRequestDTO' on field 'price': rejected value [null]; codes [NotNull.productRequestDTO.price,NotNull.price,NotNull.java.lang.Double,NotNull]; arguments [org.springframework.context.support.DefaultMessageSourceResolvable: codes [productRequestDTO.price,price]; arguments []; default message [price]]; default message [Price cannot be null!]] ]
2021-04-01 17:37:19 [http-nio-8888-exec-4] ERROR o.a.c.c.C.[.[.[.[dispatcherServlet] - Servlet.service() for servlet [dispatcherServlet] in context with path [] threw exception [Request processing failed; nested exception is java.lang.NullPointerException: Cannot invoke "java.lang.Integer.intValue()" because the return value of "pisibg.model.dto.productDTO.ProductRequestDTO.getDiscountId()" is null] with root cause
java.lang.NullPointerException: Cannot invoke "java.lang.Integer.intValue()" because the return value of "pisibg.model.dto.productDTO.ProductRequestDTO.getDiscountId()" is null
	at pisibg.service.ProductService.isValidDiscount(ProductService.java:230)
	at pisibg.service.ProductService.add(ProductService.java:49)
	at pisibg.controller.ProductController.add(ProductController.java:38)
	at java.base/jdk.internal.reflect.NativeMethodAccessorImpl.invoke0(Native Method)
	at java.base/jdk.internal.reflect.NativeMethodAccessorImpl.invoke(NativeMethodAccessorImpl.java:64)
	at java.base/jdk.internal.reflect.DelegatingMethodAccessorImpl.invoke(DelegatingMethodAccessorImpl.java:43)
	at java.base/java.lang.reflect.Method.invoke(Method.java:564)
	at org.springframework.web.method.support.InvocableHandlerMethod.doInvoke(InvocableHandlerMethod.java:197)
	at org.springframework.web.method.support.InvocableHandlerMethod.invokeForRequest(InvocableHandlerMethod.java:141)
	at org.springframework.web.servlet.mvc.method.annotation.ServletInvocableHandlerMethod.invokeAndHandle(ServletInvocableHandlerMethod.java:106)
	at org.springframework.web.servlet.mvc.method.annotation.RequestMappingHandlerAdapter.invokeHandlerMethod(RequestMappingHandlerAdapter.java:894)
	at org.springframework.web.servlet.mvc.method.annotation.RequestMappingHandlerAdapter.handleInternal(RequestMappingHandlerAdapter.java:808)
	at org.springframework.web.servlet.mvc.method.AbstractHandlerMethodAdapter.handle(AbstractHandlerMethodAdapter.java:87)
	at org.springframework.web.servlet.DispatcherServlet.doDispatch(DispatcherServlet.java:1060)
	at org.springframework.web.servlet.DispatcherServlet.doService(DispatcherServlet.java:962)
	at org.springframework.web.servlet.FrameworkServlet.processRequest(FrameworkServlet.java:1006)
	at org.springframework.web.servlet.FrameworkServlet.doPost(FrameworkServlet.java:909)
	at javax.servlet.http.HttpServlet.service(HttpServlet.java:652)
	at org.springframework.web.servlet.FrameworkServlet.service(FrameworkServlet.java:883)
	at javax.servlet.http.HttpServlet.service(HttpServlet.java:733)
	at org.apache.catalina.core.ApplicationFilterChain.internalDoFilter(ApplicationFilterChain.java:227)
	at org.apache.catalina.core.ApplicationFilterChain.doFilter(ApplicationFilterChain.java:162)
	at org.apache.tomcat.websocket.server.WsFilter.doFilter(WsFilter.java:53)
	at org.apache.catalina.core.ApplicationFilterChain.internalDoFilter(ApplicationFilterChain.java:189)
	at org.apache.catalina.core.ApplicationFilterChain.doFilter(ApplicationFilterChain.java:162)
	at org.springframework.web.filter.RequestContextFilter.doFilterInternal(RequestContextFilter.java:100)
	at org.springframework.web.filter.OncePerRequestFilter.doFilter(OncePerRequestFilter.java:119)
	at org.apache.catalina.core.ApplicationFilterChain.internalDoFilter(ApplicationFilterChain.java:189)
	at org.apache.catalina.core.ApplicationFilterChain.doFilter(ApplicationFilterChain.java:162)
	at org.springframework.web.filter.FormContentFilter.doFilterInternal(FormContentFilter.java:93)
	at org.springframework.web.filter.OncePerRequestFilter.doFilter(OncePerRequestFilter.java:119)
	at org.apache.catalina.core.ApplicationFilterChain.internalDoFilter(ApplicationFilterChain.java:189)
	at org.apache.catalina.core.ApplicationFilterChain.doFilter(ApplicationFilterChain.java:162)
	at org.springframework.web.filter.CharacterEncodingFilter.doFilterInternal(CharacterEncodingFilter.java:201)
	at org.springframework.web.filter.OncePerRequestFilter.doFilter(OncePerRequestFilter.java:119)
	at org.apache.catalina.core.ApplicationFilterChain.internalDoFilter(ApplicationFilterChain.java:189)
	at org.apache.catalina.core.ApplicationFilterChain.doFilter(ApplicationFilterChain.java:162)
	at org.apache.catalina.core.StandardWrapperValve.invoke(StandardWrapperValve.java:202)
	at org.apache.catalina.core.StandardContextValve.invoke(StandardContextValve.java:97)
	at org.apache.catalina.authenticator.AuthenticatorBase.invoke(AuthenticatorBase.java:542)
	at org.apache.catalina.core.StandardHostValve.invoke(StandardHostValve.java:143)
	at org.apache.catalina.valves.ErrorReportValve.invoke(ErrorReportValve.java:92)
	at org.apache.catalina.core.StandardEngineValve.invoke(StandardEngineValve.java:78)
	at org.apache.catalina.connector.CoyoteAdapter.service(CoyoteAdapter.java:357)
	at org.apache.coyote.http11.Http11Processor.service(Http11Processor.java:374)
	at org.apache.coyote.AbstractProcessorLight.process(AbstractProcessorLight.java:65)
	at org.apache.coyote.AbstractProtocol$ConnectionHandler.process(AbstractProtocol.java:893)
	at org.apache.tomcat.util.net.NioEndpoint$SocketProcessor.doRun(NioEndpoint.java:1707)
	at org.apache.tomcat.util.net.SocketProcessorBase.run(SocketProcessorBase.java:49)
	at java.base/java.util.concurrent.ThreadPoolExecutor.runWorker(ThreadPoolExecutor.java:1130)
	at java.base/java.util.concurrent.ThreadPoolExecutor$Worker.run(ThreadPoolExecutor.java:630)
	at org.apache.tomcat.util.threads.TaskThread$WrappingRunnable.run(TaskThread.java:61)
	at java.base/java.lang.Thread.run(Thread.java:832)
2021-04-01 17:40:19 [SpringContextShutdownHook] INFO  o.s.s.c.ThreadPoolTaskExecutor - Shutting down ExecutorService 'applicationTaskExecutor'
2021-04-01 17:40:19 [SpringContextShutdownHook] INFO  o.s.o.j.LocalContainerEntityManagerFactoryBean - Closing JPA EntityManagerFactory for persistence unit 'default'
2021-04-01 17:40:19 [SpringContextShutdownHook] INFO  com.zaxxer.hikari.HikariDataSource - HikariPool-1 - Shutdown initiated...
2021-04-01 17:40:19 [SpringContextShutdownHook] INFO  com.zaxxer.hikari.HikariDataSource - HikariPool-1 - Shutdown completed.
2021-04-01 17:40:24 [restartedMain] INFO  pisibg.PisibgApplication - Starting PisibgApplication using Java 15.0.2 on MacBook-Pro.local with PID 2803 (/Users/admin/Documents/IT Talents/pisi_bg/target/classes started by admin in /Users/admin/Documents/IT Talents/pisi_bg)
2021-04-01 17:40:24 [restartedMain] INFO  pisibg.PisibgApplication - No active profile set, falling back to default profiles: default
2021-04-01 17:40:24 [restartedMain] INFO  o.s.b.d.e.DevToolsPropertyDefaultsPostProcessor - Devtools property defaults active! Set 'spring.devtools.add-properties' to 'false' to disable
2021-04-01 17:40:24 [restartedMain] INFO  o.s.b.d.e.DevToolsPropertyDefaultsPostProcessor - For additional web related logging consider setting the 'logging.level.web' property to 'DEBUG'
2021-04-01 17:40:25 [restartedMain] INFO  o.s.d.r.c.RepositoryConfigurationDelegate - Bootstrapping Spring Data JPA repositories in DEFAULT mode.
2021-04-01 17:40:25 [restartedMain] INFO  o.s.d.r.c.RepositoryConfigurationDelegate - Finished Spring Data repository scanning in 62 ms. Found 11 JPA repository interfaces.
2021-04-01 17:40:26 [restartedMain] INFO  o.s.b.w.e.tomcat.TomcatWebServer - Tomcat initialized with port(s): 8888 (http)
2021-04-01 17:40:26 [restartedMain] INFO  o.a.catalina.core.StandardService - Starting service [Tomcat]
2021-04-01 17:40:26 [restartedMain] INFO  o.a.catalina.core.StandardEngine - Starting Servlet engine: [Apache Tomcat/9.0.44]
2021-04-01 17:40:26 [restartedMain] INFO  o.a.c.c.C.[Tomcat].[localhost].[/] - Initializing Spring embedded WebApplicationContext
2021-04-01 17:40:26 [restartedMain] INFO  o.s.b.w.s.c.ServletWebServerApplicationContext - Root WebApplicationContext: initialization completed in 1579 ms
2021-04-01 17:40:26 [restartedMain] INFO  com.zaxxer.hikari.HikariDataSource - HikariPool-1 - Starting...
2021-04-01 17:40:26 [restartedMain] INFO  com.zaxxer.hikari.HikariDataSource - HikariPool-1 - Start completed.
2021-04-01 17:40:26 [restartedMain] INFO  o.s.b.a.h.H2ConsoleAutoConfiguration - H2 console available at '/h2-console'. Database available at 'jdbc:mysql://84.238.145.199:7777/pisibg'
2021-04-01 17:40:26 [restartedMain] INFO  o.h.jpa.internal.util.LogHelper - HHH000204: Processing PersistenceUnitInfo [name: default]
2021-04-01 17:40:26 [restartedMain] INFO  org.hibernate.Version - HHH000412: Hibernate ORM core version 5.4.29.Final
2021-04-01 17:40:26 [restartedMain] INFO  o.h.annotations.common.Version - HCANN000001: Hibernate Commons Annotations {5.1.2.Final}
2021-04-01 17:40:26 [restartedMain] INFO  org.hibernate.dialect.Dialect - HHH000400: Using dialect: org.hibernate.dialect.MySQL55Dialect
2021-04-01 17:40:27 [restartedMain] INFO  o.h.e.t.j.p.i.JtaPlatformInitiator - HHH000490: Using JtaPlatform implementation: [org.hibernate.engine.transaction.jta.platform.internal.NoJtaPlatform]
2021-04-01 17:40:27 [restartedMain] INFO  o.s.o.j.LocalContainerEntityManagerFactoryBean - Initialized JPA EntityManagerFactory for persistence unit 'default'
2021-04-01 17:40:28 [restartedMain] WARN  o.s.b.a.o.j.JpaBaseConfiguration$JpaWebConfiguration - spring.jpa.open-in-view is enabled by default. Therefore, database queries may be performed during view rendering. Explicitly configure spring.jpa.open-in-view to disable this warning
2021-04-01 17:40:28 [restartedMain] INFO  o.s.s.c.ThreadPoolTaskExecutor - Initializing ExecutorService 'applicationTaskExecutor'
2021-04-01 17:40:28 [restartedMain] INFO  o.s.b.d.a.OptionalLiveReloadServer - LiveReload server is running on port 35729
2021-04-01 17:40:29 [restartedMain] INFO  o.s.b.w.e.tomcat.TomcatWebServer - Tomcat started on port(s): 8888 (http) with context path ''
2021-04-01 17:40:30 [restartedMain] INFO  pisibg.PisibgApplication - Started PisibgApplication in 6.825 seconds (JVM running for 7.672)
2021-04-01 17:40:46 [SpringContextShutdownHook] INFO  o.s.s.c.ThreadPoolTaskExecutor - Shutting down ExecutorService 'applicationTaskExecutor'
2021-04-01 17:40:46 [SpringContextShutdownHook] INFO  o.s.o.j.LocalContainerEntityManagerFactoryBean - Closing JPA EntityManagerFactory for persistence unit 'default'
2021-04-01 17:40:46 [SpringContextShutdownHook] INFO  com.zaxxer.hikari.HikariDataSource - HikariPool-1 - Shutdown initiated...
2021-04-01 17:40:47 [SpringContextShutdownHook] INFO  com.zaxxer.hikari.HikariDataSource - HikariPool-1 - Shutdown completed.
2021-04-01 17:43:22 [restartedMain] INFO  pisibg.PisibgApplication - Starting PisibgApplication using Java 15.0.2 on MacBook-Pro.local with PID 2819 (/Users/admin/Documents/IT Talents/pisi_bg/target/classes started by admin in /Users/admin/Documents/IT Talents/pisi_bg)
2021-04-01 17:43:22 [restartedMain] INFO  pisibg.PisibgApplication - No active profile set, falling back to default profiles: default
2021-04-01 17:43:22 [restartedMain] INFO  o.s.b.d.e.DevToolsPropertyDefaultsPostProcessor - Devtools property defaults active! Set 'spring.devtools.add-properties' to 'false' to disable
2021-04-01 17:43:22 [restartedMain] INFO  o.s.b.d.e.DevToolsPropertyDefaultsPostProcessor - For additional web related logging consider setting the 'logging.level.web' property to 'DEBUG'
2021-04-01 17:43:23 [restartedMain] INFO  o.s.d.r.c.RepositoryConfigurationDelegate - Bootstrapping Spring Data JPA repositories in DEFAULT mode.
2021-04-01 17:43:23 [restartedMain] INFO  o.s.d.r.c.RepositoryConfigurationDelegate - Finished Spring Data repository scanning in 63 ms. Found 11 JPA repository interfaces.
2021-04-01 17:43:24 [restartedMain] INFO  o.s.b.w.e.tomcat.TomcatWebServer - Tomcat initialized with port(s): 8888 (http)
2021-04-01 17:43:24 [restartedMain] INFO  o.a.catalina.core.StandardService - Starting service [Tomcat]
2021-04-01 17:43:24 [restartedMain] INFO  o.a.catalina.core.StandardEngine - Starting Servlet engine: [Apache Tomcat/9.0.44]
2021-04-01 17:43:24 [restartedMain] INFO  o.a.c.c.C.[Tomcat].[localhost].[/] - Initializing Spring embedded WebApplicationContext
2021-04-01 17:43:24 [restartedMain] INFO  o.s.b.w.s.c.ServletWebServerApplicationContext - Root WebApplicationContext: initialization completed in 1752 ms
2021-04-01 17:43:24 [restartedMain] INFO  com.zaxxer.hikari.HikariDataSource - HikariPool-1 - Starting...
2021-04-01 17:43:24 [restartedMain] INFO  com.zaxxer.hikari.HikariDataSource - HikariPool-1 - Start completed.
2021-04-01 17:43:24 [restartedMain] INFO  o.s.b.a.h.H2ConsoleAutoConfiguration - H2 console available at '/h2-console'. Database available at 'jdbc:mysql://84.238.145.199:7777/pisibg'
2021-04-01 17:43:24 [restartedMain] INFO  o.h.jpa.internal.util.LogHelper - HHH000204: Processing PersistenceUnitInfo [name: default]
2021-04-01 17:43:24 [restartedMain] INFO  org.hibernate.Version - HHH000412: Hibernate ORM core version 5.4.29.Final
2021-04-01 17:43:24 [restartedMain] INFO  o.h.annotations.common.Version - HCANN000001: Hibernate Commons Annotations {5.1.2.Final}
2021-04-01 17:43:24 [restartedMain] INFO  org.hibernate.dialect.Dialect - HHH000400: Using dialect: org.hibernate.dialect.MySQL55Dialect
2021-04-01 17:43:25 [restartedMain] INFO  o.h.e.t.j.p.i.JtaPlatformInitiator - HHH000490: Using JtaPlatform implementation: [org.hibernate.engine.transaction.jta.platform.internal.NoJtaPlatform]
2021-04-01 17:43:25 [restartedMain] INFO  o.s.o.j.LocalContainerEntityManagerFactoryBean - Initialized JPA EntityManagerFactory for persistence unit 'default'
2021-04-01 17:43:26 [restartedMain] WARN  o.s.b.a.o.j.JpaBaseConfiguration$JpaWebConfiguration - spring.jpa.open-in-view is enabled by default. Therefore, database queries may be performed during view rendering. Explicitly configure spring.jpa.open-in-view to disable this warning
2021-04-01 17:43:26 [restartedMain] INFO  o.s.s.c.ThreadPoolTaskExecutor - Initializing ExecutorService 'applicationTaskExecutor'
2021-04-01 17:43:26 [restartedMain] INFO  o.s.b.d.a.OptionalLiveReloadServer - LiveReload server is running on port 35729
2021-04-01 17:43:27 [restartedMain] INFO  o.s.b.w.e.tomcat.TomcatWebServer - Tomcat started on port(s): 8888 (http) with context path ''
2021-04-01 17:43:29 [restartedMain] INFO  pisibg.PisibgApplication - Started PisibgApplication in 6.889 seconds (JVM running for 7.972)
2021-04-01 17:43:32 [http-nio-8888-exec-2] INFO  o.a.c.c.C.[Tomcat].[localhost].[/] - Initializing Spring DispatcherServlet 'dispatcherServlet'
2021-04-01 17:43:32 [http-nio-8888-exec-2] INFO  o.s.web.servlet.DispatcherServlet - Initializing Servlet 'dispatcherServlet'
2021-04-01 17:43:32 [http-nio-8888-exec-2] INFO  o.s.web.servlet.DispatcherServlet - Completed initialization in 2 ms
2021-04-01 17:43:32 [http-nio-8888-exec-2] WARN  o.s.w.s.m.m.a.ExceptionHandlerExceptionResolver - Resolved [pisibg.exceptions.BadRequestException: Please enter price greater than 0!]
2021-04-01 17:43:44 [http-nio-8888-exec-3] WARN  o.s.w.s.m.m.a.ExceptionHandlerExceptionResolver - Resolved [pisibg.exceptions.BadRequestException: Invalid discount id!]
2021-04-01 17:44:13 [SpringContextShutdownHook] INFO  o.s.s.c.ThreadPoolTaskExecutor - Shutting down ExecutorService 'applicationTaskExecutor'
2021-04-01 17:44:13 [SpringContextShutdownHook] INFO  o.s.o.j.LocalContainerEntityManagerFactoryBean - Closing JPA EntityManagerFactory for persistence unit 'default'
2021-04-01 17:44:13 [SpringContextShutdownHook] INFO  com.zaxxer.hikari.HikariDataSource - HikariPool-1 - Shutdown initiated...
2021-04-01 17:44:13 [SpringContextShutdownHook] INFO  com.zaxxer.hikari.HikariDataSource - HikariPool-1 - Shutdown completed.
2021-04-01 17:45:02 [restartedMain] INFO  pisibg.PisibgApplication - Starting PisibgApplication using Java 15.0.2 on MacBook-Pro.local with PID 2828 (/Users/admin/Documents/IT Talents/pisi_bg/target/classes started by admin in /Users/admin/Documents/IT Talents/pisi_bg)
2021-04-01 17:45:02 [restartedMain] INFO  pisibg.PisibgApplication - No active profile set, falling back to default profiles: default
2021-04-01 17:45:02 [restartedMain] INFO  o.s.b.d.e.DevToolsPropertyDefaultsPostProcessor - Devtools property defaults active! Set 'spring.devtools.add-properties' to 'false' to disable
2021-04-01 17:45:02 [restartedMain] INFO  o.s.b.d.e.DevToolsPropertyDefaultsPostProcessor - For additional web related logging consider setting the 'logging.level.web' property to 'DEBUG'
2021-04-01 17:45:03 [restartedMain] INFO  o.s.d.r.c.RepositoryConfigurationDelegate - Bootstrapping Spring Data JPA repositories in DEFAULT mode.
2021-04-01 17:45:03 [restartedMain] INFO  o.s.d.r.c.RepositoryConfigurationDelegate - Finished Spring Data repository scanning in 61 ms. Found 11 JPA repository interfaces.
2021-04-01 17:45:04 [restartedMain] INFO  o.s.b.w.e.tomcat.TomcatWebServer - Tomcat initialized with port(s): 8888 (http)
2021-04-01 17:45:04 [restartedMain] INFO  o.a.catalina.core.StandardService - Starting service [Tomcat]
2021-04-01 17:45:04 [restartedMain] INFO  o.a.catalina.core.StandardEngine - Starting Servlet engine: [Apache Tomcat/9.0.44]
2021-04-01 17:45:04 [restartedMain] INFO  o.a.c.c.C.[Tomcat].[localhost].[/] - Initializing Spring embedded WebApplicationContext
2021-04-01 17:45:04 [restartedMain] INFO  o.s.b.w.s.c.ServletWebServerApplicationContext - Root WebApplicationContext: initialization completed in 1716 ms
2021-04-01 17:45:04 [restartedMain] INFO  com.zaxxer.hikari.HikariDataSource - HikariPool-1 - Starting...
2021-04-01 17:45:04 [restartedMain] INFO  com.zaxxer.hikari.HikariDataSource - HikariPool-1 - Start completed.
2021-04-01 17:45:04 [restartedMain] INFO  o.s.b.a.h.H2ConsoleAutoConfiguration - H2 console available at '/h2-console'. Database available at 'jdbc:mysql://84.238.145.199:7777/pisibg'
2021-04-01 17:45:04 [restartedMain] INFO  o.h.jpa.internal.util.LogHelper - HHH000204: Processing PersistenceUnitInfo [name: default]
2021-04-01 17:45:04 [restartedMain] INFO  org.hibernate.Version - HHH000412: Hibernate ORM core version 5.4.29.Final
2021-04-01 17:45:05 [restartedMain] INFO  o.h.annotations.common.Version - HCANN000001: Hibernate Commons Annotations {5.1.2.Final}
2021-04-01 17:45:05 [restartedMain] INFO  org.hibernate.dialect.Dialect - HHH000400: Using dialect: org.hibernate.dialect.MySQL55Dialect
2021-04-01 17:45:05 [restartedMain] INFO  o.h.e.t.j.p.i.JtaPlatformInitiator - HHH000490: Using JtaPlatform implementation: [org.hibernate.engine.transaction.jta.platform.internal.NoJtaPlatform]
2021-04-01 17:45:05 [restartedMain] INFO  o.s.o.j.LocalContainerEntityManagerFactoryBean - Initialized JPA EntityManagerFactory for persistence unit 'default'
2021-04-01 17:45:06 [restartedMain] WARN  o.s.b.a.o.j.JpaBaseConfiguration$JpaWebConfiguration - spring.jpa.open-in-view is enabled by default. Therefore, database queries may be performed during view rendering. Explicitly configure spring.jpa.open-in-view to disable this warning
2021-04-01 17:45:07 [restartedMain] INFO  o.s.s.c.ThreadPoolTaskExecutor - Initializing ExecutorService 'applicationTaskExecutor'
2021-04-01 17:45:07 [restartedMain] INFO  o.s.b.d.a.OptionalLiveReloadServer - LiveReload server is running on port 35729
2021-04-01 17:45:07 [restartedMain] INFO  o.s.b.w.e.tomcat.TomcatWebServer - Tomcat started on port(s): 8888 (http) with context path ''
2021-04-01 17:45:09 [restartedMain] INFO  pisibg.PisibgApplication - Started PisibgApplication in 6.877 seconds (JVM running for 7.572)
2021-04-01 17:52:21 [SpringContextShutdownHook] INFO  o.s.s.c.ThreadPoolTaskExecutor - Shutting down ExecutorService 'applicationTaskExecutor'
2021-04-01 17:52:21 [SpringContextShutdownHook] INFO  o.s.o.j.LocalContainerEntityManagerFactoryBean - Closing JPA EntityManagerFactory for persistence unit 'default'
2021-04-01 17:52:21 [SpringContextShutdownHook] INFO  com.zaxxer.hikari.HikariDataSource - HikariPool-1 - Shutdown initiated...
2021-04-01 17:52:21 [SpringContextShutdownHook] INFO  com.zaxxer.hikari.HikariDataSource - HikariPool-1 - Shutdown completed.
2021-04-01 20:30:22 [restartedMain] INFO  pisibg.PisibgApplication - Starting PisibgApplication using Java 15.0.2 on MacBook-Pro.local with PID 2916 (/Users/admin/Documents/IT Talents/pisi_bg/target/classes started by admin in /Users/admin/Documents/IT Talents/pisi_bg)
2021-04-01 20:30:22 [restartedMain] INFO  pisibg.PisibgApplication - No active profile set, falling back to default profiles: default
2021-04-01 20:30:22 [restartedMain] INFO  o.s.b.d.e.DevToolsPropertyDefaultsPostProcessor - Devtools property defaults active! Set 'spring.devtools.add-properties' to 'false' to disable
2021-04-01 20:30:22 [restartedMain] INFO  o.s.b.d.e.DevToolsPropertyDefaultsPostProcessor - For additional web related logging consider setting the 'logging.level.web' property to 'DEBUG'
2021-04-01 20:30:23 [restartedMain] INFO  o.s.d.r.c.RepositoryConfigurationDelegate - Bootstrapping Spring Data JPA repositories in DEFAULT mode.
2021-04-01 20:30:23 [restartedMain] INFO  o.s.d.r.c.RepositoryConfigurationDelegate - Finished Spring Data repository scanning in 85 ms. Found 11 JPA repository interfaces.
2021-04-01 20:30:24 [restartedMain] INFO  o.s.b.w.e.tomcat.TomcatWebServer - Tomcat initialized with port(s): 8888 (http)
2021-04-01 20:30:24 [restartedMain] INFO  o.a.catalina.core.StandardService - Starting service [Tomcat]
2021-04-01 20:30:24 [restartedMain] INFO  o.a.catalina.core.StandardEngine - Starting Servlet engine: [Apache Tomcat/9.0.44]
2021-04-01 20:30:24 [restartedMain] INFO  o.a.c.c.C.[Tomcat].[localhost].[/] - Initializing Spring embedded WebApplicationContext
2021-04-01 20:30:24 [restartedMain] INFO  o.s.b.w.s.c.ServletWebServerApplicationContext - Root WebApplicationContext: initialization completed in 1959 ms
2021-04-01 20:30:24 [restartedMain] INFO  com.zaxxer.hikari.HikariDataSource - HikariPool-1 - Starting...
2021-04-01 20:30:24 [restartedMain] INFO  com.zaxxer.hikari.HikariDataSource - HikariPool-1 - Start completed.
2021-04-01 20:30:24 [restartedMain] INFO  o.s.b.a.h.H2ConsoleAutoConfiguration - H2 console available at '/h2-console'. Database available at 'jdbc:mysql://84.238.145.199:7777/pisibg'
2021-04-01 20:30:24 [restartedMain] INFO  o.h.jpa.internal.util.LogHelper - HHH000204: Processing PersistenceUnitInfo [name: default]
2021-04-01 20:30:24 [restartedMain] INFO  org.hibernate.Version - HHH000412: Hibernate ORM core version 5.4.29.Final
2021-04-01 20:30:25 [restartedMain] INFO  o.h.annotations.common.Version - HCANN000001: Hibernate Commons Annotations {5.1.2.Final}
2021-04-01 20:30:25 [restartedMain] INFO  org.hibernate.dialect.Dialect - HHH000400: Using dialect: org.hibernate.dialect.MySQL55Dialect
2021-04-01 20:30:25 [restartedMain] INFO  o.h.e.t.j.p.i.JtaPlatformInitiator - HHH000490: Using JtaPlatform implementation: [org.hibernate.engine.transaction.jta.platform.internal.NoJtaPlatform]
2021-04-01 20:30:25 [restartedMain] INFO  o.s.o.j.LocalContainerEntityManagerFactoryBean - Initialized JPA EntityManagerFactory for persistence unit 'default'
2021-04-01 20:30:26 [restartedMain] WARN  o.s.b.a.o.j.JpaBaseConfiguration$JpaWebConfiguration - spring.jpa.open-in-view is enabled by default. Therefore, database queries may be performed during view rendering. Explicitly configure spring.jpa.open-in-view to disable this warning
2021-04-01 20:30:27 [restartedMain] INFO  o.s.s.c.ThreadPoolTaskExecutor - Initializing ExecutorService 'applicationTaskExecutor'
2021-04-01 20:30:27 [restartedMain] INFO  o.s.b.d.a.OptionalLiveReloadServer - LiveReload server is running on port 35729
2021-04-01 20:30:27 [restartedMain] INFO  o.s.b.w.e.tomcat.TomcatWebServer - Tomcat started on port(s): 8888 (http) with context path ''
2021-04-01 20:30:29 [restartedMain] INFO  pisibg.PisibgApplication - Started PisibgApplication in 7.28 seconds (JVM running for 7.99)
2021-04-01 20:30:57 [http-nio-8888-exec-1] INFO  o.a.c.c.C.[Tomcat].[localhost].[/] - Initializing Spring DispatcherServlet 'dispatcherServlet'
2021-04-01 20:30:57 [http-nio-8888-exec-1] INFO  o.s.web.servlet.DispatcherServlet - Initializing Servlet 'dispatcherServlet'
2021-04-01 20:30:57 [http-nio-8888-exec-1] INFO  o.s.web.servlet.DispatcherServlet - Completed initialization in 3 ms
2021-04-01 20:30:57 [http-nio-8888-exec-1] WARN  o.s.w.s.m.m.a.ExceptionHandlerExceptionResolver - Resolved [org.springframework.web.bind.MethodArgumentNotValidException: Validation failed for argument [1] in public pisibg.model.dto.subcategoryDTO.SubcategoryResponseDTO pisibg.controller.SubCategoryController.addNewSubcategory(javax.servlet.http.HttpSession,pisibg.model.dto.subcategoryDTO.SubCategoryRequestDTO): [Field error in object 'subCategoryRequestDTO' on field 'name': rejected value []; codes [NotBlank.subCategoryRequestDTO.name,NotBlank.name,NotBlank.java.lang.String,NotBlank]; arguments [org.springframework.context.support.DefaultMessageSourceResolvable: codes [subCategoryRequestDTO.name,name]; arguments []; default message [name]]; default message [Subcategory name is mandatory!]] ]
2021-04-01 20:31:21 [http-nio-8888-exec-4] WARN  o.s.w.s.m.m.a.ExceptionHandlerExceptionResolver - Resolved [org.springframework.web.bind.MethodArgumentNotValidException: Validation failed for argument [1] in public pisibg.model.dto.subcategoryDTO.SubcategoryResponseDTO pisibg.controller.SubCategoryController.addNewSubcategory(javax.servlet.http.HttpSession,pisibg.model.dto.subcategoryDTO.SubCategoryRequestDTO): [Field error in object 'subCategoryRequestDTO' on field 'categoryId': rejected value [null]; codes [NotNull.subCategoryRequestDTO.categoryId,NotNull.categoryId,NotNull.java.lang.Integer,NotNull]; arguments [org.springframework.context.support.DefaultMessageSourceResolvable: codes [subCategoryRequestDTO.categoryId,categoryId]; arguments []; default message [categoryId]]; default message [Category id cannot be null!]] ]
2021-04-01 20:31:37 [http-nio-8888-exec-6] WARN  o.s.w.s.m.m.a.ExceptionHandlerExceptionResolver - Resolved [org.springframework.web.bind.MethodArgumentNotValidException: Validation failed for argument [1] in public pisibg.model.dto.subcategoryDTO.SubcategoryResponseDTO pisibg.controller.SubCategoryController.addNewSubcategory(javax.servlet.http.HttpSession,pisibg.model.dto.subcategoryDTO.SubCategoryRequestDTO): [Field error in object 'subCategoryRequestDTO' on field 'name': rejected value [null]; codes [NotBlank.subCategoryRequestDTO.name,NotBlank.name,NotBlank.java.lang.String,NotBlank]; arguments [org.springframework.context.support.DefaultMessageSourceResolvable: codes [subCategoryRequestDTO.name,name]; arguments []; default message [name]]; default message [Subcategory name is mandatory!]] ]
2021-04-01 20:31:46 [http-nio-8888-exec-8] WARN  o.s.w.s.m.m.a.ExceptionHandlerExceptionResolver - Resolved [pisibg.exceptions.AuthenticationException: You have to log in!]
2021-04-01 20:32:50 [SpringContextShutdownHook] INFO  o.s.s.c.ThreadPoolTaskExecutor - Shutting down ExecutorService 'applicationTaskExecutor'
2021-04-01 20:32:50 [SpringContextShutdownHook] INFO  o.s.o.j.LocalContainerEntityManagerFactoryBean - Closing JPA EntityManagerFactory for persistence unit 'default'
2021-04-01 20:32:50 [SpringContextShutdownHook] INFO  com.zaxxer.hikari.HikariDataSource - HikariPool-1 - Shutdown initiated...
2021-04-01 20:32:50 [SpringContextShutdownHook] INFO  com.zaxxer.hikari.HikariDataSource - HikariPool-1 - Shutdown completed.
2021-04-01 20:32:55 [restartedMain] INFO  pisibg.PisibgApplication - Starting PisibgApplication using Java 15.0.2 on MacBook-Pro.local with PID 2926 (/Users/admin/Documents/IT Talents/pisi_bg/target/classes started by admin in /Users/admin/Documents/IT Talents/pisi_bg)
2021-04-01 20:32:55 [restartedMain] INFO  pisibg.PisibgApplication - No active profile set, falling back to default profiles: default
2021-04-01 20:32:55 [restartedMain] INFO  o.s.b.d.e.DevToolsPropertyDefaultsPostProcessor - Devtools property defaults active! Set 'spring.devtools.add-properties' to 'false' to disable
2021-04-01 20:32:55 [restartedMain] INFO  o.s.b.d.e.DevToolsPropertyDefaultsPostProcessor - For additional web related logging consider setting the 'logging.level.web' property to 'DEBUG'
2021-04-01 20:32:56 [restartedMain] INFO  o.s.d.r.c.RepositoryConfigurationDelegate - Bootstrapping Spring Data JPA repositories in DEFAULT mode.
2021-04-01 20:32:56 [restartedMain] INFO  o.s.d.r.c.RepositoryConfigurationDelegate - Finished Spring Data repository scanning in 67 ms. Found 11 JPA repository interfaces.
2021-04-01 20:32:57 [restartedMain] INFO  o.s.b.w.e.tomcat.TomcatWebServer - Tomcat initialized with port(s): 8888 (http)
2021-04-01 20:32:57 [restartedMain] INFO  o.a.catalina.core.StandardService - Starting service [Tomcat]
2021-04-01 20:32:57 [restartedMain] INFO  o.a.catalina.core.StandardEngine - Starting Servlet engine: [Apache Tomcat/9.0.44]
2021-04-01 20:32:57 [restartedMain] INFO  o.a.c.c.C.[Tomcat].[localhost].[/] - Initializing Spring embedded WebApplicationContext
2021-04-01 20:32:57 [restartedMain] INFO  o.s.b.w.s.c.ServletWebServerApplicationContext - Root WebApplicationContext: initialization completed in 1617 ms
2021-04-01 20:32:57 [restartedMain] INFO  com.zaxxer.hikari.HikariDataSource - HikariPool-1 - Starting...
2021-04-01 20:32:57 [restartedMain] INFO  com.zaxxer.hikari.HikariDataSource - HikariPool-1 - Start completed.
2021-04-01 20:32:57 [restartedMain] INFO  o.s.b.a.h.H2ConsoleAutoConfiguration - H2 console available at '/h2-console'. Database available at 'jdbc:mysql://84.238.145.199:7777/pisibg'
2021-04-01 20:32:57 [restartedMain] INFO  o.h.jpa.internal.util.LogHelper - HHH000204: Processing PersistenceUnitInfo [name: default]
2021-04-01 20:32:57 [restartedMain] INFO  org.hibernate.Version - HHH000412: Hibernate ORM core version 5.4.29.Final
2021-04-01 20:32:57 [restartedMain] INFO  o.h.annotations.common.Version - HCANN000001: Hibernate Commons Annotations {5.1.2.Final}
2021-04-01 20:32:57 [restartedMain] INFO  org.hibernate.dialect.Dialect - HHH000400: Using dialect: org.hibernate.dialect.MySQL55Dialect
2021-04-01 20:32:58 [restartedMain] INFO  o.h.e.t.j.p.i.JtaPlatformInitiator - HHH000490: Using JtaPlatform implementation: [org.hibernate.engine.transaction.jta.platform.internal.NoJtaPlatform]
2021-04-01 20:32:58 [restartedMain] INFO  o.s.o.j.LocalContainerEntityManagerFactoryBean - Initialized JPA EntityManagerFactory for persistence unit 'default'
2021-04-01 20:32:59 [restartedMain] WARN  o.s.b.a.o.j.JpaBaseConfiguration$JpaWebConfiguration - spring.jpa.open-in-view is enabled by default. Therefore, database queries may be performed during view rendering. Explicitly configure spring.jpa.open-in-view to disable this warning
2021-04-01 20:32:59 [restartedMain] INFO  o.s.s.c.ThreadPoolTaskExecutor - Initializing ExecutorService 'applicationTaskExecutor'
2021-04-01 20:32:59 [restartedMain] INFO  o.s.b.d.a.OptionalLiveReloadServer - LiveReload server is running on port 35729
2021-04-01 20:33:00 [restartedMain] INFO  o.s.b.w.e.tomcat.TomcatWebServer - Tomcat started on port(s): 8888 (http) with context path ''
2021-04-01 20:33:02 [restartedMain] INFO  pisibg.PisibgApplication - Started PisibgApplication in 6.938 seconds (JVM running for 7.866)
2021-04-01 20:33:16 [http-nio-8888-exec-1] INFO  o.a.c.c.C.[Tomcat].[localhost].[/] - Initializing Spring DispatcherServlet 'dispatcherServlet'
2021-04-01 20:33:16 [http-nio-8888-exec-1] INFO  o.s.web.servlet.DispatcherServlet - Initializing Servlet 'dispatcherServlet'
2021-04-01 20:33:16 [http-nio-8888-exec-1] INFO  o.s.web.servlet.DispatcherServlet - Completed initialization in 2 ms
2021-04-01 20:40:46 [http-nio-8888-exec-5] WARN  o.s.w.s.m.m.a.ExceptionHandlerExceptionResolver - Resolved [org.springframework.web.bind.MethodArgumentNotValidException: Validation failed for argument [1] in public pisibg.model.dto.subcategoryDTO.SubcategoryResponseDTO pisibg.controller.SubCategoryController.addNewSubcategory(javax.servlet.http.HttpSession,pisibg.model.dto.subcategoryDTO.SubCategoryRequestDTO): [Field error in object 'subCategoryRequestDTO' on field 'categoryId': rejected value [null]; codes [NotNull.subCategoryRequestDTO.categoryId,NotNull.categoryId,NotNull.java.lang.Integer,NotNull]; arguments [org.springframework.context.support.DefaultMessageSourceResolvable: codes [subCategoryRequestDTO.categoryId,categoryId]; arguments []; default message [categoryId]]; default message [Category id cannot be null!]] ]
2021-04-01 20:40:57 [http-nio-8888-exec-7] WARN  o.s.w.s.m.m.a.ExceptionHandlerExceptionResolver - Resolved [org.springframework.web.bind.MethodArgumentNotValidException: Validation failed for argument [1] in public pisibg.model.dto.subcategoryDTO.SubcategoryResponseDTO pisibg.controller.SubCategoryController.addNewSubcategory(javax.servlet.http.HttpSession,pisibg.model.dto.subcategoryDTO.SubCategoryRequestDTO): [Field error in object 'subCategoryRequestDTO' on field 'categoryId': rejected value [0]; codes [Min.subCategoryRequestDTO.categoryId,Min.categoryId,Min.java.lang.Integer,Min]; arguments [org.springframework.context.support.DefaultMessageSourceResolvable: codes [subCategoryRequestDTO.categoryId,categoryId]; arguments []; default message [categoryId],1]; default message [Minimum category id should be 1]] ]
2021-04-01 20:41:05 [http-nio-8888-exec-9] WARN  o.s.w.s.m.m.a.ExceptionHandlerExceptionResolver - Resolved [pisibg.exceptions.BadRequestException: Category doesn't exists]
2021-04-01 20:43:29 [http-nio-8888-exec-4] WARN  o.s.w.s.m.m.a.ExceptionHandlerExceptionResolver - Resolved [org.springframework.web.bind.MethodArgumentNotValidException: Validation failed for argument [1] in public pisibg.model.dto.subcategoryDTO.SubcategoryResponseDTO pisibg.controller.SubCategoryController.edit(javax.servlet.http.HttpSession,pisibg.model.dto.subcategoryDTO.SubCategoryEditRequestDTO): [Field error in object 'subCategoryEditRequestDTO' on field 'newCategory_id': rejected value [null]; codes [NotNull.subCategoryEditRequestDTO.newCategory_id,NotNull.newCategory_id,NotNull.java.lang.Integer,NotNull]; arguments [org.springframework.context.support.DefaultMessageSourceResolvable: codes [subCategoryEditRequestDTO.newCategory_id,newCategory_id]; arguments []; default message [newCategory_id]]; default message [New category id cannot be null!]] ]
2021-04-01 20:43:35 [http-nio-8888-exec-6] WARN  o.s.w.s.m.m.a.ExceptionHandlerExceptionResolver - Resolved [org.springframework.web.bind.MethodArgumentNotValidException: Validation failed for argument [1] in public pisibg.model.dto.subcategoryDTO.SubcategoryResponseDTO pisibg.controller.SubCategoryController.edit(javax.servlet.http.HttpSession,pisibg.model.dto.subcategoryDTO.SubCategoryEditRequestDTO): [Field error in object 'subCategoryEditRequestDTO' on field 'newCategory_id': rejected value [-9]; codes [Min.subCategoryEditRequestDTO.newCategory_id,Min.newCategory_id,Min.java.lang.Integer,Min]; arguments [org.springframework.context.support.DefaultMessageSourceResolvable: codes [subCategoryEditRequestDTO.newCategory_id,newCategory_id]; arguments []; default message [newCategory_id],1]; default message [Minimum new category id should be 1]] ]
2021-04-01 20:43:49 [http-nio-8888-exec-8] WARN  o.s.w.s.m.m.a.ExceptionHandlerExceptionResolver - Resolved [pisibg.exceptions.BadRequestException: Combination already exists]
2021-04-01 20:44:22 [http-nio-8888-exec-10] WARN  o.s.w.s.m.m.a.ExceptionHandlerExceptionResolver - Resolved [org.springframework.web.bind.MethodArgumentNotValidException: Validation failed for argument [1] in public pisibg.model.dto.subcategoryDTO.SubcategoryResponseDTO pisibg.controller.SubCategoryController.edit(javax.servlet.http.HttpSession,pisibg.model.dto.subcategoryDTO.SubCategoryEditRequestDTO): [Field error in object 'subCategoryEditRequestDTO' on field 'currentCategory_id': rejected value [null]; codes [NotNull.subCategoryEditRequestDTO.currentCategory_id,NotNull.currentCategory_id,NotNull.java.lang.Integer,NotNull]; arguments [org.springframework.context.support.DefaultMessageSourceResolvable: codes [subCategoryEditRequestDTO.currentCategory_id,currentCategory_id]; arguments []; default message [currentCategory_id]]; default message [Current category id cannot be null!]] ]
2021-04-01 20:44:34 [http-nio-8888-exec-1] WARN  o.s.w.s.m.m.a.ExceptionHandlerExceptionResolver - Resolved [org.springframework.web.bind.MethodArgumentNotValidException: Validation failed for argument [1] in public pisibg.model.dto.subcategoryDTO.SubcategoryResponseDTO pisibg.controller.SubCategoryController.edit(javax.servlet.http.HttpSession,pisibg.model.dto.subcategoryDTO.SubCategoryEditRequestDTO): [Field error in object 'subCategoryEditRequestDTO' on field 'newSubcategoryName': rejected value []; codes [NotBlank.subCategoryEditRequestDTO.newSubcategoryName,NotBlank.newSubcategoryName,NotBlank.java.lang.String,NotBlank]; arguments [org.springframework.context.support.DefaultMessageSourceResolvable: codes [subCategoryEditRequestDTO.newSubcategoryName,newSubcategoryName]; arguments []; default message [newSubcategoryName]]; default message [Subcategory new name is mandatory!]] ]
2021-04-01 20:45:01 [http-nio-8888-exec-4] WARN  o.s.w.s.m.m.a.ExceptionHandlerExceptionResolver - Resolved [org.springframework.web.bind.MethodArgumentNotValidException: Validation failed for argument [1] in public pisibg.model.dto.subcategoryDTO.SubcategoryResponseDTO pisibg.controller.SubCategoryController.edit(javax.servlet.http.HttpSession,pisibg.model.dto.subcategoryDTO.SubCategoryEditRequestDTO): [Field error in object 'subCategoryEditRequestDTO' on field 'id': rejected value [null]; codes [NotNull.subCategoryEditRequestDTO.id,NotNull.id,NotNull.java.lang.Integer,NotNull]; arguments [org.springframework.context.support.DefaultMessageSourceResolvable: codes [subCategoryEditRequestDTO.id,id]; arguments []; default message [id]]; default message [Subcategory id cannot be null!]] ]
2021-04-01 20:45:14 [http-nio-8888-exec-6] WARN  o.s.w.s.m.m.a.ExceptionHandlerExceptionResolver - Resolved [org.springframework.web.bind.MethodArgumentNotValidException: Validation failed for argument [1] in public pisibg.model.dto.subcategoryDTO.SubcategoryResponseDTO pisibg.controller.SubCategoryController.edit(javax.servlet.http.HttpSession,pisibg.model.dto.subcategoryDTO.SubCategoryEditRequestDTO): [Field error in object 'subCategoryEditRequestDTO' on field 'id': rejected value [0]; codes [Min.subCategoryEditRequestDTO.id,Min.id,Min.java.lang.Integer,Min]; arguments [org.springframework.context.support.DefaultMessageSourceResolvable: codes [subCategoryEditRequestDTO.id,id]; arguments []; default message [id],1]; default message [Minimum subcategory id should be 1]] ]
2021-04-01 20:45:20 [http-nio-8888-exec-8] WARN  o.s.w.s.m.m.a.ExceptionHandlerExceptionResolver - Resolved [pisibg.exceptions.NotFoundException: Subcategory not found!]
2021-04-01 20:51:35 [SpringContextShutdownHook] INFO  o.s.s.c.ThreadPoolTaskExecutor - Shutting down ExecutorService 'applicationTaskExecutor'
2021-04-01 20:51:35 [SpringContextShutdownHook] INFO  o.s.o.j.LocalContainerEntityManagerFactoryBean - Closing JPA EntityManagerFactory for persistence unit 'default'
2021-04-01 20:51:35 [SpringContextShutdownHook] INFO  com.zaxxer.hikari.HikariDataSource - HikariPool-1 - Shutdown initiated...
2021-04-01 20:51:35 [SpringContextShutdownHook] INFO  com.zaxxer.hikari.HikariDataSource - HikariPool-1 - Shutdown completed.
2021-04-01 20:51:40 [restartedMain] INFO  pisibg.PisibgApplication - Starting PisibgApplication using Java 15.0.2 on MacBook-Pro.local with PID 3003 (/Users/admin/Documents/IT Talents/pisi_bg/target/classes started by admin in /Users/admin/Documents/IT Talents/pisi_bg)
2021-04-01 20:51:40 [restartedMain] INFO  pisibg.PisibgApplication - No active profile set, falling back to default profiles: default
2021-04-01 20:51:40 [restartedMain] INFO  o.s.b.d.e.DevToolsPropertyDefaultsPostProcessor - Devtools property defaults active! Set 'spring.devtools.add-properties' to 'false' to disable
2021-04-01 20:51:40 [restartedMain] INFO  o.s.b.d.e.DevToolsPropertyDefaultsPostProcessor - For additional web related logging consider setting the 'logging.level.web' property to 'DEBUG'
2021-04-01 20:51:41 [restartedMain] INFO  o.s.d.r.c.RepositoryConfigurationDelegate - Bootstrapping Spring Data JPA repositories in DEFAULT mode.
2021-04-01 20:51:41 [restartedMain] INFO  o.s.d.r.c.RepositoryConfigurationDelegate - Finished Spring Data repository scanning in 70 ms. Found 11 JPA repository interfaces.
2021-04-01 20:51:41 [restartedMain] INFO  o.s.b.w.e.tomcat.TomcatWebServer - Tomcat initialized with port(s): 8888 (http)
2021-04-01 20:51:41 [restartedMain] INFO  o.a.catalina.core.StandardService - Starting service [Tomcat]
2021-04-01 20:51:41 [restartedMain] INFO  o.a.catalina.core.StandardEngine - Starting Servlet engine: [Apache Tomcat/9.0.44]
2021-04-01 20:51:41 [restartedMain] INFO  o.a.c.c.C.[Tomcat].[localhost].[/] - Initializing Spring embedded WebApplicationContext
2021-04-01 20:51:41 [restartedMain] INFO  o.s.b.w.s.c.ServletWebServerApplicationContext - Root WebApplicationContext: initialization completed in 1708 ms
2021-04-01 20:51:42 [restartedMain] INFO  com.zaxxer.hikari.HikariDataSource - HikariPool-1 - Starting...
2021-04-01 20:51:42 [restartedMain] INFO  com.zaxxer.hikari.HikariDataSource - HikariPool-1 - Start completed.
2021-04-01 20:51:42 [restartedMain] INFO  o.s.b.a.h.H2ConsoleAutoConfiguration - H2 console available at '/h2-console'. Database available at 'jdbc:mysql://84.238.145.199:7777/pisibg'
2021-04-01 20:51:42 [restartedMain] INFO  o.h.jpa.internal.util.LogHelper - HHH000204: Processing PersistenceUnitInfo [name: default]
2021-04-01 20:51:42 [restartedMain] INFO  org.hibernate.Version - HHH000412: Hibernate ORM core version 5.4.29.Final
2021-04-01 20:51:42 [restartedMain] INFO  o.h.annotations.common.Version - HCANN000001: Hibernate Commons Annotations {5.1.2.Final}
2021-04-01 20:51:42 [restartedMain] INFO  org.hibernate.dialect.Dialect - HHH000400: Using dialect: org.hibernate.dialect.MySQL55Dialect
2021-04-01 20:51:43 [restartedMain] INFO  o.h.e.t.j.p.i.JtaPlatformInitiator - HHH000490: Using JtaPlatform implementation: [org.hibernate.engine.transaction.jta.platform.internal.NoJtaPlatform]
2021-04-01 20:51:43 [restartedMain] INFO  o.s.o.j.LocalContainerEntityManagerFactoryBean - Initialized JPA EntityManagerFactory for persistence unit 'default'
2021-04-01 20:51:43 [restartedMain] WARN  o.s.b.a.o.j.JpaBaseConfiguration$JpaWebConfiguration - spring.jpa.open-in-view is enabled by default. Therefore, database queries may be performed during view rendering. Explicitly configure spring.jpa.open-in-view to disable this warning
2021-04-01 20:51:44 [restartedMain] INFO  o.s.s.c.ThreadPoolTaskExecutor - Initializing ExecutorService 'applicationTaskExecutor'
2021-04-01 20:51:44 [restartedMain] INFO  o.s.b.d.a.OptionalLiveReloadServer - LiveReload server is running on port 35729
2021-04-01 20:51:44 [restartedMain] INFO  o.s.b.w.e.tomcat.TomcatWebServer - Tomcat started on port(s): 8888 (http) with context path ''
2021-04-01 20:51:46 [restartedMain] INFO  pisibg.PisibgApplication - Started PisibgApplication in 6.959 seconds (JVM running for 7.818)
2021-04-01 20:53:12 [http-nio-8888-exec-2] INFO  o.a.c.c.C.[Tomcat].[localhost].[/] - Initializing Spring DispatcherServlet 'dispatcherServlet'
2021-04-01 20:53:12 [http-nio-8888-exec-2] INFO  o.s.web.servlet.DispatcherServlet - Initializing Servlet 'dispatcherServlet'
2021-04-01 20:53:12 [http-nio-8888-exec-2] INFO  o.s.web.servlet.DispatcherServlet - Completed initialization in 2 ms
2021-04-01 20:53:12 [http-nio-8888-exec-2] WARN  o.s.w.s.m.m.a.ExceptionHandlerExceptionResolver - Resolved [org.springframework.web.bind.MethodArgumentNotValidException: Validation failed for argument [1] in public pisibg.model.dto.paymentDTO.PaymentMethodResponseDTO pisibg.controller.PaymentMethodController.addPaymentMethod(javax.servlet.http.HttpSession,pisibg.model.dto.paymentDTO.PaymentMethodRequestDTO): [Field error in object 'paymentMethodRequestDTO' on field 'type': rejected value []; codes [NotBlank.paymentMethodRequestDTO.type,NotBlank.type,NotBlank.java.lang.String,NotBlank]; arguments [org.springframework.context.support.DefaultMessageSourceResolvable: codes [paymentMethodRequestDTO.type,type]; arguments []; default message [type]]; default message [Payment method type is mandatory field!]] ]
2021-04-01 20:53:27 [http-nio-8888-exec-4] WARN  o.s.w.s.m.m.a.ExceptionHandlerExceptionResolver - Resolved [org.springframework.web.bind.MethodArgumentNotValidException: Validation failed for argument [1] in public pisibg.model.dto.paymentDTO.PaymentMethodResponseDTO pisibg.controller.PaymentMethodController.addPaymentMethod(javax.servlet.http.HttpSession,pisibg.model.dto.paymentDTO.PaymentMethodRequestDTO): [Field error in object 'paymentMethodRequestDTO' on field 'type': rejected value [null]; codes [NotBlank.paymentMethodRequestDTO.type,NotBlank.type,NotBlank.java.lang.String,NotBlank]; arguments [org.springframework.context.support.DefaultMessageSourceResolvable: codes [paymentMethodRequestDTO.type,type]; arguments []; default message [type]]; default message [Payment method type is mandatory field!]] ]
2021-04-01 20:55:25 [http-nio-8888-exec-9] WARN  o.s.w.s.m.m.a.ExceptionHandlerExceptionResolver - Resolved [org.springframework.web.bind.MethodArgumentNotValidException: Validation failed for argument [1] in public pisibg.model.dto.paymentDTO.PaymentMethodResponseDTO pisibg.controller.PaymentMethodController.edit(javax.servlet.http.HttpSession,pisibg.model.dto.paymentDTO.PaymentMethodEditDTO): [Field error in object 'paymentMethodEditDTO' on field 'newType': rejected value []; codes [NotBlank.paymentMethodEditDTO.newType,NotBlank.newType,NotBlank.java.lang.String,NotBlank]; arguments [org.springframework.context.support.DefaultMessageSourceResolvable: codes [paymentMethodEditDTO.newType,newType]; arguments []; default message [newType]]; default message [New payment method type is mandatory field!]] ]
2021-04-01 20:55:33 [http-nio-8888-exec-1] WARN  o.s.w.s.m.m.a.ExceptionHandlerExceptionResolver - Resolved [pisibg.exceptions.NotFoundException: Payment with this name already exists]
2021-04-01 20:55:40 [http-nio-8888-exec-2] WARN  o.s.w.s.m.m.a.ExceptionHandlerExceptionResolver - Resolved [org.springframework.web.bind.MethodArgumentNotValidException: Validation failed for argument [1] in public pisibg.model.dto.paymentDTO.PaymentMethodResponseDTO pisibg.controller.PaymentMethodController.edit(javax.servlet.http.HttpSession,pisibg.model.dto.paymentDTO.PaymentMethodEditDTO): [Field error in object 'paymentMethodEditDTO' on field 'id': rejected value [-4]; codes [Min.paymentMethodEditDTO.id,Min.id,Min.java.lang.Integer,Min]; arguments [org.springframework.context.support.DefaultMessageSourceResolvable: codes [paymentMethodEditDTO.id,id]; arguments []; default message [id],1]; default message [Minimum payment method id should be 1]] ]
2021-04-01 20:55:56 [http-nio-8888-exec-4] WARN  o.s.w.s.m.m.a.ExceptionHandlerExceptionResolver - Resolved [pisibg.exceptions.NotFoundException: Payment method not found]
2021-04-01 20:57:03 [SpringContextShutdownHook] INFO  o.s.s.c.ThreadPoolTaskExecutor - Shutting down ExecutorService 'applicationTaskExecutor'
2021-04-01 20:57:03 [SpringContextShutdownHook] INFO  o.s.o.j.LocalContainerEntityManagerFactoryBean - Closing JPA EntityManagerFactory for persistence unit 'default'
2021-04-01 20:57:03 [SpringContextShutdownHook] INFO  com.zaxxer.hikari.HikariDataSource - HikariPool-1 - Shutdown initiated...
2021-04-01 20:57:03 [SpringContextShutdownHook] INFO  com.zaxxer.hikari.HikariDataSource - HikariPool-1 - Shutdown completed.
2021-04-01 21:00:29 [restartedMain] INFO  pisibg.PisibgApplication - Starting PisibgApplication using Java 15.0.2 on MacBook-Pro.local with PID 3053 (/Users/admin/Documents/IT Talents/pisi_bg/target/classes started by admin in /Users/admin/Documents/IT Talents/pisi_bg)
2021-04-01 21:00:29 [restartedMain] INFO  pisibg.PisibgApplication - No active profile set, falling back to default profiles: default
2021-04-01 21:00:29 [restartedMain] INFO  o.s.b.d.e.DevToolsPropertyDefaultsPostProcessor - Devtools property defaults active! Set 'spring.devtools.add-properties' to 'false' to disable
2021-04-01 21:00:29 [restartedMain] INFO  o.s.b.d.e.DevToolsPropertyDefaultsPostProcessor - For additional web related logging consider setting the 'logging.level.web' property to 'DEBUG'
2021-04-01 21:00:30 [restartedMain] INFO  o.s.d.r.c.RepositoryConfigurationDelegate - Bootstrapping Spring Data JPA repositories in DEFAULT mode.
2021-04-01 21:00:30 [restartedMain] INFO  o.s.d.r.c.RepositoryConfigurationDelegate - Finished Spring Data repository scanning in 84 ms. Found 11 JPA repository interfaces.
2021-04-01 21:00:31 [restartedMain] INFO  o.s.b.w.e.tomcat.TomcatWebServer - Tomcat initialized with port(s): 8888 (http)
2021-04-01 21:00:31 [restartedMain] INFO  o.a.catalina.core.StandardService - Starting service [Tomcat]
2021-04-01 21:00:31 [restartedMain] INFO  o.a.catalina.core.StandardEngine - Starting Servlet engine: [Apache Tomcat/9.0.44]
2021-04-01 21:00:31 [restartedMain] INFO  o.a.c.c.C.[Tomcat].[localhost].[/] - Initializing Spring embedded WebApplicationContext
2021-04-01 21:00:31 [restartedMain] INFO  o.s.b.w.s.c.ServletWebServerApplicationContext - Root WebApplicationContext: initialization completed in 1968 ms
2021-04-01 21:00:31 [restartedMain] INFO  com.zaxxer.hikari.HikariDataSource - HikariPool-1 - Starting...
2021-04-01 21:00:31 [restartedMain] INFO  com.zaxxer.hikari.HikariDataSource - HikariPool-1 - Start completed.
2021-04-01 21:00:31 [restartedMain] INFO  o.s.b.a.h.H2ConsoleAutoConfiguration - H2 console available at '/h2-console'. Database available at 'jdbc:mysql://84.238.145.199:7777/pisibg'
2021-04-01 21:00:31 [restartedMain] INFO  o.h.jpa.internal.util.LogHelper - HHH000204: Processing PersistenceUnitInfo [name: default]
2021-04-01 21:00:31 [restartedMain] INFO  org.hibernate.Version - HHH000412: Hibernate ORM core version 5.4.29.Final
2021-04-01 21:00:31 [restartedMain] INFO  o.h.annotations.common.Version - HCANN000001: Hibernate Commons Annotations {5.1.2.Final}
2021-04-01 21:00:31 [restartedMain] INFO  org.hibernate.dialect.Dialect - HHH000400: Using dialect: org.hibernate.dialect.MySQL55Dialect
2021-04-01 21:00:32 [restartedMain] INFO  o.h.e.t.j.p.i.JtaPlatformInitiator - HHH000490: Using JtaPlatform implementation: [org.hibernate.engine.transaction.jta.platform.internal.NoJtaPlatform]
2021-04-01 21:00:32 [restartedMain] INFO  o.s.o.j.LocalContainerEntityManagerFactoryBean - Initialized JPA EntityManagerFactory for persistence unit 'default'
2021-04-01 21:00:33 [restartedMain] WARN  o.s.b.a.o.j.JpaBaseConfiguration$JpaWebConfiguration - spring.jpa.open-in-view is enabled by default. Therefore, database queries may be performed during view rendering. Explicitly configure spring.jpa.open-in-view to disable this warning
2021-04-01 21:00:34 [restartedMain] INFO  o.s.s.c.ThreadPoolTaskExecutor - Initializing ExecutorService 'applicationTaskExecutor'
2021-04-01 21:00:34 [restartedMain] INFO  o.s.b.d.a.OptionalLiveReloadServer - LiveReload server is running on port 35729
2021-04-01 21:00:34 [restartedMain] INFO  o.s.b.w.e.tomcat.TomcatWebServer - Tomcat started on port(s): 8888 (http) with context path ''
2021-04-01 21:00:36 [restartedMain] INFO  pisibg.PisibgApplication - Started PisibgApplication in 8.09 seconds (JVM running for 9.038)
2021-04-01 21:01:00 [http-nio-8888-exec-2] INFO  o.a.c.c.C.[Tomcat].[localhost].[/] - Initializing Spring DispatcherServlet 'dispatcherServlet'
2021-04-01 21:01:00 [http-nio-8888-exec-2] INFO  o.s.web.servlet.DispatcherServlet - Initializing Servlet 'dispatcherServlet'
2021-04-01 21:01:00 [http-nio-8888-exec-2] INFO  o.s.web.servlet.DispatcherServlet - Completed initialization in 2 ms
2021-04-01 21:01:00 [http-nio-8888-exec-2] WARN  o.s.w.s.m.m.a.ExceptionHandlerExceptionResolver - Resolved [pisibg.exceptions.BadRequestException: Status already exist!]
2021-04-01 21:01:06 [http-nio-8888-exec-4] WARN  o.s.w.s.m.m.a.ExceptionHandlerExceptionResolver - Resolved [org.springframework.web.bind.MethodArgumentNotValidException: Validation failed for argument [1] in public pisibg.model.dto.orderDTO.OrderStatusResponseDTO pisibg.controller.OrderStatusController.add(javax.servlet.http.HttpSession,pisibg.model.dto.orderDTO.OrderStatusRequestDTO): [Field error in object 'orderStatusRequestDTO' on field 'type': rejected value []; codes [NotBlank.orderStatusRequestDTO.type,NotBlank.type,NotBlank.java.lang.String,NotBlank]; arguments [org.springframework.context.support.DefaultMessageSourceResolvable: codes [orderStatusRequestDTO.type,type]; arguments []; default message [type]]; default message [Order status type is mandatory!]] ]
2021-04-01 21:02:17 [http-nio-8888-exec-6] WARN  o.s.w.s.m.m.a.ExceptionHandlerExceptionResolver - Resolved [org.springframework.web.bind.MethodArgumentNotValidException: Validation failed for argument [1] in public pisibg.model.dto.orderDTO.OrderStatusResponseDTO pisibg.controller.OrderStatusController.add(javax.servlet.http.HttpSession,pisibg.model.dto.orderDTO.OrderStatusRequestDTO): [Field error in object 'orderStatusRequestDTO' on field 'type': rejected value [null]; codes [NotBlank.orderStatusRequestDTO.type,NotBlank.type,NotBlank.java.lang.String,NotBlank]; arguments [org.springframework.context.support.DefaultMessageSourceResolvable: codes [orderStatusRequestDTO.type,type]; arguments []; default message [type]]; default message [Order status type is mandatory!]] ]
2021-04-01 21:02:49 [http-nio-8888-exec-9] WARN  o.s.w.s.m.m.a.ExceptionHandlerExceptionResolver - Resolved [pisibg.exceptions.NotFoundException: Order status not found]
2021-04-01 21:03:17 [SpringContextShutdownHook] INFO  o.s.s.c.ThreadPoolTaskExecutor - Shutting down ExecutorService 'applicationTaskExecutor'
2021-04-01 21:03:17 [SpringContextShutdownHook] INFO  o.s.o.j.LocalContainerEntityManagerFactoryBean - Closing JPA EntityManagerFactory for persistence unit 'default'
2021-04-01 21:03:17 [SpringContextShutdownHook] INFO  com.zaxxer.hikari.HikariDataSource - HikariPool-1 - Shutdown initiated...
2021-04-01 21:03:17 [SpringContextShutdownHook] INFO  com.zaxxer.hikari.HikariDataSource - HikariPool-1 - Shutdown completed.
2021-04-01 21:03:20 [restartedMain] INFO  pisibg.PisibgApplication - Starting PisibgApplication using Java 15.0.2 on MacBook-Pro.local with PID 3070 (/Users/admin/Documents/IT Talents/pisi_bg/target/classes started by admin in /Users/admin/Documents/IT Talents/pisi_bg)
2021-04-01 21:03:20 [restartedMain] INFO  pisibg.PisibgApplication - No active profile set, falling back to default profiles: default
2021-04-01 21:03:20 [restartedMain] INFO  o.s.b.d.e.DevToolsPropertyDefaultsPostProcessor - Devtools property defaults active! Set 'spring.devtools.add-properties' to 'false' to disable
2021-04-01 21:03:20 [restartedMain] INFO  o.s.b.d.e.DevToolsPropertyDefaultsPostProcessor - For additional web related logging consider setting the 'logging.level.web' property to 'DEBUG'
2021-04-01 21:03:21 [restartedMain] INFO  o.s.d.r.c.RepositoryConfigurationDelegate - Bootstrapping Spring Data JPA repositories in DEFAULT mode.
2021-04-01 21:03:21 [restartedMain] INFO  o.s.d.r.c.RepositoryConfigurationDelegate - Finished Spring Data repository scanning in 67 ms. Found 11 JPA repository interfaces.
2021-04-01 21:03:22 [restartedMain] INFO  o.s.b.w.e.tomcat.TomcatWebServer - Tomcat initialized with port(s): 8888 (http)
2021-04-01 21:03:22 [restartedMain] INFO  o.a.catalina.core.StandardService - Starting service [Tomcat]
2021-04-01 21:03:22 [restartedMain] INFO  o.a.catalina.core.StandardEngine - Starting Servlet engine: [Apache Tomcat/9.0.44]
2021-04-01 21:03:22 [restartedMain] INFO  o.a.c.c.C.[Tomcat].[localhost].[/] - Initializing Spring embedded WebApplicationContext
2021-04-01 21:03:22 [restartedMain] INFO  o.s.b.w.s.c.ServletWebServerApplicationContext - Root WebApplicationContext: initialization completed in 1642 ms
2021-04-01 21:03:22 [restartedMain] INFO  com.zaxxer.hikari.HikariDataSource - HikariPool-1 - Starting...
2021-04-01 21:03:22 [restartedMain] INFO  com.zaxxer.hikari.HikariDataSource - HikariPool-1 - Start completed.
2021-04-01 21:03:22 [restartedMain] INFO  o.s.b.a.h.H2ConsoleAutoConfiguration - H2 console available at '/h2-console'. Database available at 'jdbc:mysql://84.238.145.199:7777/pisibg'
2021-04-01 21:03:22 [restartedMain] INFO  o.h.jpa.internal.util.LogHelper - HHH000204: Processing PersistenceUnitInfo [name: default]
2021-04-01 21:03:22 [restartedMain] INFO  org.hibernate.Version - HHH000412: Hibernate ORM core version 5.4.29.Final
2021-04-01 21:03:22 [restartedMain] INFO  o.h.annotations.common.Version - HCANN000001: Hibernate Commons Annotations {5.1.2.Final}
2021-04-01 21:03:22 [restartedMain] INFO  org.hibernate.dialect.Dialect - HHH000400: Using dialect: org.hibernate.dialect.MySQL55Dialect
2021-04-01 21:03:23 [restartedMain] INFO  o.h.e.t.j.p.i.JtaPlatformInitiator - HHH000490: Using JtaPlatform implementation: [org.hibernate.engine.transaction.jta.platform.internal.NoJtaPlatform]
2021-04-01 21:03:23 [restartedMain] INFO  o.s.o.j.LocalContainerEntityManagerFactoryBean - Initialized JPA EntityManagerFactory for persistence unit 'default'
2021-04-01 21:03:24 [restartedMain] WARN  o.s.b.a.o.j.JpaBaseConfiguration$JpaWebConfiguration - spring.jpa.open-in-view is enabled by default. Therefore, database queries may be performed during view rendering. Explicitly configure spring.jpa.open-in-view to disable this warning
2021-04-01 21:03:24 [restartedMain] INFO  o.s.s.c.ThreadPoolTaskExecutor - Initializing ExecutorService 'applicationTaskExecutor'
2021-04-01 21:03:24 [restartedMain] INFO  o.s.b.d.a.OptionalLiveReloadServer - LiveReload server is running on port 35729
2021-04-01 21:03:25 [restartedMain] INFO  o.s.b.w.e.tomcat.TomcatWebServer - Tomcat started on port(s): 8888 (http) with context path ''
2021-04-01 21:03:27 [restartedMain] INFO  pisibg.PisibgApplication - Started PisibgApplication in 6.857 seconds (JVM running for 7.705)
2021-04-01 21:03:43 [http-nio-8888-exec-2] INFO  o.a.c.c.C.[Tomcat].[localhost].[/] - Initializing Spring DispatcherServlet 'dispatcherServlet'
2021-04-01 21:03:43 [http-nio-8888-exec-2] INFO  o.s.web.servlet.DispatcherServlet - Initializing Servlet 'dispatcherServlet'
2021-04-01 21:03:43 [http-nio-8888-exec-2] INFO  o.s.web.servlet.DispatcherServlet - Completed initialization in 2 ms
2021-04-01 21:03:43 [http-nio-8888-exec-2] WARN  o.s.w.s.m.m.a.ExceptionHandlerExceptionResolver - Resolved [pisibg.exceptions.NotFoundException: Order status not found]
2021-04-01 21:04:59 [SpringContextShutdownHook] INFO  o.s.s.c.ThreadPoolTaskExecutor - Shutting down ExecutorService 'applicationTaskExecutor'
2021-04-01 21:04:59 [SpringContextShutdownHook] INFO  o.s.o.j.LocalContainerEntityManagerFactoryBean - Closing JPA EntityManagerFactory for persistence unit 'default'
2021-04-01 21:04:59 [SpringContextShutdownHook] INFO  com.zaxxer.hikari.HikariDataSource - HikariPool-1 - Shutdown initiated...
2021-04-01 21:04:59 [SpringContextShutdownHook] INFO  com.zaxxer.hikari.HikariDataSource - HikariPool-1 - Shutdown completed.
2021-04-01 21:05:03 [restartedMain] INFO  pisibg.PisibgApplication - Starting PisibgApplication using Java 15.0.2 on MacBook-Pro.local with PID 3079 (/Users/admin/Documents/IT Talents/pisi_bg/target/classes started by admin in /Users/admin/Documents/IT Talents/pisi_bg)
2021-04-01 21:05:03 [restartedMain] INFO  pisibg.PisibgApplication - No active profile set, falling back to default profiles: default
2021-04-01 21:05:03 [restartedMain] INFO  o.s.b.d.e.DevToolsPropertyDefaultsPostProcessor - Devtools property defaults active! Set 'spring.devtools.add-properties' to 'false' to disable
2021-04-01 21:05:03 [restartedMain] INFO  o.s.b.d.e.DevToolsPropertyDefaultsPostProcessor - For additional web related logging consider setting the 'logging.level.web' property to 'DEBUG'
2021-04-01 21:05:04 [restartedMain] INFO  o.s.d.r.c.RepositoryConfigurationDelegate - Bootstrapping Spring Data JPA repositories in DEFAULT mode.
2021-04-01 21:05:04 [restartedMain] INFO  o.s.d.r.c.RepositoryConfigurationDelegate - Finished Spring Data repository scanning in 60 ms. Found 11 JPA repository interfaces.
2021-04-01 21:05:05 [restartedMain] INFO  o.s.b.w.e.tomcat.TomcatWebServer - Tomcat initialized with port(s): 8888 (http)
2021-04-01 21:05:05 [restartedMain] INFO  o.a.catalina.core.StandardService - Starting service [Tomcat]
2021-04-01 21:05:05 [restartedMain] INFO  o.a.catalina.core.StandardEngine - Starting Servlet engine: [Apache Tomcat/9.0.44]
2021-04-01 21:05:05 [restartedMain] INFO  o.a.c.c.C.[Tomcat].[localhost].[/] - Initializing Spring embedded WebApplicationContext
2021-04-01 21:05:05 [restartedMain] INFO  o.s.b.w.s.c.ServletWebServerApplicationContext - Root WebApplicationContext: initialization completed in 1566 ms
2021-04-01 21:05:05 [restartedMain] INFO  com.zaxxer.hikari.HikariDataSource - HikariPool-1 - Starting...
2021-04-01 21:05:05 [restartedMain] INFO  com.zaxxer.hikari.HikariDataSource - HikariPool-1 - Start completed.
2021-04-01 21:05:05 [restartedMain] INFO  o.s.b.a.h.H2ConsoleAutoConfiguration - H2 console available at '/h2-console'. Database available at 'jdbc:mysql://84.238.145.199:7777/pisibg'
2021-04-01 21:05:05 [restartedMain] INFO  o.h.jpa.internal.util.LogHelper - HHH000204: Processing PersistenceUnitInfo [name: default]
2021-04-01 21:05:05 [restartedMain] INFO  org.hibernate.Version - HHH000412: Hibernate ORM core version 5.4.29.Final
2021-04-01 21:05:05 [restartedMain] INFO  o.h.annotations.common.Version - HCANN000001: Hibernate Commons Annotations {5.1.2.Final}
2021-04-01 21:05:05 [restartedMain] INFO  org.hibernate.dialect.Dialect - HHH000400: Using dialect: org.hibernate.dialect.MySQL55Dialect
2021-04-01 21:05:06 [restartedMain] INFO  o.h.e.t.j.p.i.JtaPlatformInitiator - HHH000490: Using JtaPlatform implementation: [org.hibernate.engine.transaction.jta.platform.internal.NoJtaPlatform]
2021-04-01 21:05:06 [restartedMain] INFO  o.s.o.j.LocalContainerEntityManagerFactoryBean - Initialized JPA EntityManagerFactory for persistence unit 'default'
2021-04-01 21:05:07 [restartedMain] WARN  o.s.b.a.o.j.JpaBaseConfiguration$JpaWebConfiguration - spring.jpa.open-in-view is enabled by default. Therefore, database queries may be performed during view rendering. Explicitly configure spring.jpa.open-in-view to disable this warning
2021-04-01 21:05:07 [restartedMain] INFO  o.s.s.c.ThreadPoolTaskExecutor - Initializing ExecutorService 'applicationTaskExecutor'
2021-04-01 21:05:07 [restartedMain] INFO  o.s.b.d.a.OptionalLiveReloadServer - LiveReload server is running on port 35729
2021-04-01 21:05:07 [restartedMain] INFO  o.s.b.w.e.tomcat.TomcatWebServer - Tomcat started on port(s): 8888 (http) with context path ''
2021-04-01 21:05:09 [restartedMain] INFO  pisibg.PisibgApplication - Started PisibgApplication in 6.391 seconds (JVM running for 7.001)
2021-04-01 21:05:32 [http-nio-8888-exec-1] INFO  o.a.c.c.C.[Tomcat].[localhost].[/] - Initializing Spring DispatcherServlet 'dispatcherServlet'
2021-04-01 21:05:32 [http-nio-8888-exec-1] INFO  o.s.web.servlet.DispatcherServlet - Initializing Servlet 'dispatcherServlet'
2021-04-01 21:05:32 [http-nio-8888-exec-1] INFO  o.s.web.servlet.DispatcherServlet - Completed initialization in 3 ms
2021-04-01 21:05:32 [http-nio-8888-exec-1] WARN  o.s.w.s.m.m.a.ExceptionHandlerExceptionResolver - Resolved [org.springframework.web.bind.MethodArgumentNotValidException: Validation failed for argument [1] in public pisibg.model.dto.orderDTO.OrderStatusResponseDTO pisibg.controller.OrderStatusController.edit(javax.servlet.http.HttpSession,pisibg.model.dto.orderDTO.OrderStatusEditDTO): [Field error in object 'orderStatusEditDTO' on field 'id': rejected value [0]; codes [Min.orderStatusEditDTO.id,Min.id,Min.java.lang.Integer,Min]; arguments [org.springframework.context.support.DefaultMessageSourceResolvable: codes [orderStatusEditDTO.id,id]; arguments []; default message [id],1]; default message [Minimum order status id should be 1]] ]
2021-04-01 21:05:40 [http-nio-8888-exec-4] WARN  o.s.w.s.m.m.a.ExceptionHandlerExceptionResolver - Resolved [org.springframework.web.bind.MethodArgumentNotValidException: Validation failed for argument [1] in public pisibg.model.dto.orderDTO.OrderStatusResponseDTO pisibg.controller.OrderStatusController.edit(javax.servlet.http.HttpSession,pisibg.model.dto.orderDTO.OrderStatusEditDTO): [Field error in object 'orderStatusEditDTO' on field 'id': rejected value [null]; codes [NotNull.orderStatusEditDTO.id,NotNull.id,NotNull.java.lang.Integer,NotNull]; arguments [org.springframework.context.support.DefaultMessageSourceResolvable: codes [orderStatusEditDTO.id,id]; arguments []; default message [id]]; default message [id cannot be null!]] ]
2021-04-01 21:05:56 [http-nio-8888-exec-6] WARN  o.s.w.s.m.m.a.ExceptionHandlerExceptionResolver - Resolved [org.springframework.web.bind.MethodArgumentNotValidException: Validation failed for argument [1] in public pisibg.model.dto.orderDTO.OrderStatusResponseDTO pisibg.controller.OrderStatusController.edit(javax.servlet.http.HttpSession,pisibg.model.dto.orderDTO.OrderStatusEditDTO): [Field error in object 'orderStatusEditDTO' on field 'newType': rejected value []; codes [NotBlank.orderStatusEditDTO.newType,NotBlank.newType,NotBlank.java.lang.String,NotBlank]; arguments [org.springframework.context.support.DefaultMessageSourceResolvable: codes [orderStatusEditDTO.newType,newType]; arguments []; default message [newType]]; default message [New order status type is mandatory field!]] ]
2021-04-01 21:06:10 [http-nio-8888-exec-8] WARN  o.s.w.s.m.m.a.ExceptionHandlerExceptionResolver - Resolved [org.springframework.web.bind.MethodArgumentNotValidException: Validation failed for argument [1] in public pisibg.model.dto.orderDTO.OrderStatusResponseDTO pisibg.controller.OrderStatusController.edit(javax.servlet.http.HttpSession,pisibg.model.dto.orderDTO.OrderStatusEditDTO): [Field error in object 'orderStatusEditDTO' on field 'type': rejected value []; codes [NotBlank.orderStatusEditDTO.type,NotBlank.type,NotBlank.java.lang.String,NotBlank]; arguments [org.springframework.context.support.DefaultMessageSourceResolvable: codes [orderStatusEditDTO.type,type]; arguments []; default message [type]]; default message [Current order status type is mandatory field!]] ]
2021-04-01 21:06:19 [http-nio-8888-exec-10] WARN  o.s.w.s.m.m.a.ExceptionHandlerExceptionResolver - Resolved [pisibg.exceptions.BadRequestException: You didn't make any change!]
2021-04-01 21:06:35 [http-nio-8888-exec-1] WARN  o.s.w.s.m.m.a.ExceptionHandlerExceptionResolver - Resolved [pisibg.exceptions.NotFoundException: Order status not found]
2021-04-01 21:07:09 [SpringContextShutdownHook] INFO  o.s.s.c.ThreadPoolTaskExecutor - Shutting down ExecutorService 'applicationTaskExecutor'
2021-04-01 21:07:09 [SpringContextShutdownHook] INFO  o.s.o.j.LocalContainerEntityManagerFactoryBean - Closing JPA EntityManagerFactory for persistence unit 'default'
2021-04-01 21:07:09 [SpringContextShutdownHook] INFO  com.zaxxer.hikari.HikariDataSource - HikariPool-1 - Shutdown initiated...
2021-04-01 21:07:09 [SpringContextShutdownHook] INFO  com.zaxxer.hikari.HikariDataSource - HikariPool-1 - Shutdown completed.
